# JRE version: OpenJDK Runtime Environment (21.0.2+13) (build 21.0.2+13-58)
# Java VM: OpenJDK 64-Bit Server VM (21.0.2+13-58, mixed mode, sharing, tiered, compressed oops, compressed class ptrs, g1 gc, bsd-aarch64)
Heap:
 garbage-first heap   total 133120K, used 21441K [0x0000000780000000, 0x0000000800000000)
  region size 1024K, 10 young (10240K), 2 survivors (2048K)
 Metaspace       used 7885K, committed 8128K, reserved 1114112K
  class space    used 844K, committed 960K, reserved 1048576K
GC Heap History (6 events):
Event: 42.644 GC heap before
{Heap before GC invocations=0 (full 0):
 garbage-first heap   total 133120K, used 35852K [0x0000000780000000, 0x0000000800000000)
  region size 1024K, 23 young (23552K), 0 survivors (0K)
 Metaspace       used 7879K, committed 8128K, reserved 1114112K
  class space    used 844K, committed 960K, reserved 1048576K
}
Event: 42.649 GC heap after
{Heap after GC invocations=1 (full 0):
 garbage-first heap   total 133120K, used 13804K [0x0000000780000000, 0x0000000800000000)
  region size 1024K, 2 young (2048K), 2 survivors (2048K)
 Metaspace       used 7879K, committed 8128K, reserved 1114112K
  class space    used 844K, committed 960K, reserved 1048576K
}
Event: 212.846 GC heap before
{Heap before GC invocations=1 (full 0):
 garbage-first heap   total 133120K, used 61932K [0x0000000780000000, 0x0000000800000000)
  region size 1024K, 49 young (50176K), 2 survivors (2048K)
 Metaspace       used 7885K, committed 8128K, reserved 1114112K
  class space    used 844K, committed 960K, reserved 1048576K
}
Event: 212.854 GC heap after
{Heap after GC invocations=2 (full 0):
 garbage-first heap   total 133120K, used 13729K [0x0000000780000000, 0x0000000800000000)
  region size 1024K, 2 young (2048K), 2 survivors (2048K)
 Metaspace       used 7885K, committed 8128K, reserved 1114112K
  class space    used 844K, committed 960K, reserved 1048576K
}
Event: 503.028 GC heap before
{Heap before GC invocations=2 (full 0):
 garbage-first heap   total 133120K, used 89505K [0x0000000780000000, 0x0000000800000000)
  region size 1024K, 76 young (77824K), 2 survivors (2048K)
 Metaspace       used 7885K, committed 8128K, reserved 1114112K
  class space    used 844K, committed 960K, reserved 1048576K
}
Event: 503.036 GC heap after
{Heap after GC invocations=3 (full 0):
 garbage-first heap   total 133120K, used 13759K [0x0000000780000000, 0x0000000800000000)
  region size 1024K, 2 young (2048K), 2 survivors (2048K)
 Metaspace       used 7885K, committed 8128K, reserved 1114112K
  class space    used 844K, committed 960K, reserved 1048576K
}

